TN:
SF:src/modules/author/infra/typeorm/entities/Email.ts
FN:24,Email
FNF:1
FNH:1
FNDA:1,Email
DA:1,1
DA:2,1
DA:3,1
DA:4,1
DA:5,1
DA:6,1
DA:7,1
DA:8,1
DA:9,1
DA:10,1
DA:11,1
DA:12,1
DA:13,1
DA:14,1
DA:15,1
DA:16,1
DA:17,1
DA:18,1
DA:19,1
DA:20,1
DA:21,1
DA:22,1
DA:23,1
DA:24,1
DA:25,1
DA:26,1
DA:27,1
DA:28,1
DA:29,1
LF:29
LH:29
BRDA:24,0,0,1
BRF:1
BRH:1
end_of_record
TN:
SF:src/modules/author/repositories/in-Memory/EmailRepositoryInMemory.ts
FN:6,EmailRepositoryInMemory
FN:9,create
FN:21,list
FN:24,findEmailByE_mail
FNF:4
FNH:3
FNDA:1,EmailRepositoryInMemory
FNDA:1,create
FNDA:0,list
FNDA:1,findEmailByE_mail
DA:1,1
DA:2,1
DA:3,1
DA:4,1
DA:5,1
DA:6,1
DA:7,1
DA:8,1
DA:9,1
DA:10,1
DA:11,1
DA:12,1
DA:13,1
DA:14,1
DA:15,1
DA:16,1
DA:17,1
DA:18,1
DA:19,1
DA:20,1
DA:21,1
DA:22,0
DA:23,0
DA:24,1
DA:25,1
DA:26,1
DA:27,1
LF:27
LH:25
BRDA:6,0,0,1
BRDA:9,1,0,1
BRDA:24,2,0,1
BRF:3
BRH:3
end_of_record
TN:
SF:src/modules/author/useCases/createEmail.ts/CreateEmailUseCase.ts
FN:10,CreateEmailUseCase
FN:15,execute
FNF:2
FNH:2
FNDA:1,CreateEmailUseCase
FNDA:1,execute
DA:1,1
DA:2,1
DA:3,1
DA:4,1
DA:5,1
DA:6,1
DA:7,1
DA:8,1
DA:9,1
DA:10,1
DA:11,1
DA:12,1
DA:13,1
DA:14,1
DA:15,1
DA:16,1
DA:17,1
DA:18,1
DA:19,1
DA:20,1
DA:21,0
DA:22,0
DA:23,1
DA:24,1
DA:25,1
DA:26,1
DA:27,1
LF:27
LH:25
BRDA:10,0,0,1
BRDA:15,1,0,1
BRDA:20,2,0,0
BRF:3
BRH:2
end_of_record
TN:
SF:src/shared/errors/AppError.ts
FN:6,AppError
FNF:1
FNH:0
FNDA:0,AppError
DA:1,1
DA:2,1
DA:3,1
DA:4,1
DA:5,1
DA:6,1
DA:7,0
DA:8,0
DA:9,0
DA:10,1
LF:10
LH:7
BRF:0
BRH:0
end_of_record
